<?xml version="1.0" encoding="UTF-8"?>
<!-- Generated by org.testng.reporters.JUnitXMLReporter -->
<testsuite hostname="LAPTOP-OB639NRA" ignored="0" name="Default test" tests="4" failures="0" timestamp="14 Apr 2024 08:39:13 GMT" time="16.137" errors="0">
  <testcase name="testPostUser" time="5.211" classname="api.test.UserTests"/>
  <testcase name="testGetUserByName" time="2.002" classname="api.test.UserTests"/>
  <testcase name="testUpdateUser" time="6.246" classname="api.test.UserTests"/>
  <testcase name="testDeleteUser" time="1.424" classname="api.test.UserTests"/>
</testsuite> <!-- Default test -->
