<?xml version="1.0" encoding="UTF-8"?>
<!-- Generated by org.testng.reporters.JUnitXMLReporter -->
<testsuite hostname="LAPTOP-OB639NRA" ignored="0" name="Test" tests="4" failures="0" timestamp="14 Apr 2024 08:12:10 GMT" time="45.469" errors="0">
  <testcase name="testPostUser" time="19.619" classname="api.test.UserTests"/>
  <testcase name="testGetUserByName" time="2.957" classname="api.test.UserTests"/>
  <testcase name="testUpdateUser" time="12.591" classname="api.test.UserTests"/>
  <testcase name="testDeleteUser" time="10.081" classname="api.test.UserTests"/>
</testsuite> <!-- Test -->
