<?xml version="1.0" encoding="UTF-8"?>
<testng-results ignored="0" total="20" passed="20" failed="0" skipped="0">
  <reporter-output>
  </reporter-output>
  <suite started-at="2024-04-14T16:32:13 IST" name="PetSuite" finished-at="2024-04-14T16:32:57 IST" duration-ms="43586">
    <groups>
    </groups>
    <test started-at="2024-04-14T16:32:13 IST" name="PetTest" finished-at="2024-04-14T16:32:57 IST" duration-ms="43586">
      <class name="api.test.UserTests2">
        <test-method is-config="true" signature="setupData()[pri:0, instance:api.test.UserTests2@7f485fda]" started-at="2024-04-14T16:32:48 IST" name="setupData" finished-at="2024-04-14T16:32:48 IST" duration-ms="90" status="PASS">
          <reporter-output>
          </reporter-output>
        </test-method> <!-- setupData -->
        <test-method signature="testPostUser()[pri:1, instance:api.test.UserTests2@7f485fda]" started-at="2024-04-14T16:32:48 IST" name="testPostUser" finished-at="2024-04-14T16:32:50 IST" duration-ms="1505" status="PASS">
          <reporter-output>
          </reporter-output>
        </test-method> <!-- testPostUser -->
        <test-method signature="testGetUserByName()[pri:2, instance:api.test.UserTests2@7f485fda]" started-at="2024-04-14T16:32:50 IST" name="testGetUserByName" finished-at="2024-04-14T16:32:52 IST" duration-ms="1919" status="PASS">
          <reporter-output>
          </reporter-output>
        </test-method> <!-- testGetUserByName -->
        <test-method signature="testUpdateUser()[pri:3, instance:api.test.UserTests2@7f485fda]" started-at="2024-04-14T16:32:52 IST" name="testUpdateUser" finished-at="2024-04-14T16:32:55 IST" duration-ms="3520" status="PASS">
          <reporter-output>
          </reporter-output>
        </test-method> <!-- testUpdateUser -->
        <test-method signature="testDeleteUser()[pri:4, instance:api.test.UserTests2@7f485fda]" started-at="2024-04-14T16:32:55 IST" name="testDeleteUser" finished-at="2024-04-14T16:32:57 IST" duration-ms="1754" status="PASS">
          <reporter-output>
          </reporter-output>
        </test-method> <!-- testDeleteUser -->
      </class> <!-- api.test.UserTests2 -->
      <class name="api.test.DDTest">
        <test-method signature="testPostUser(java.lang.String,java.lang.String,java.lang.String,java.lang.String,java.lang.String,java.lang.String,java.lang.String)[pri:1, instance:api.test.DDTest@4b29d1d2]" started-at="2024-04-14T16:32:27 IST" name="testPostUser" data-provider="Data" finished-at="2024-04-14T16:32:28 IST" duration-ms="1702" status="PASS">
          <params>
            <param index="0">
              <value>
                <![CDATA[1010]]>
              </value>
            </param>
            <param index="1">
              <value>
                <![CDATA[testuser1]]>
              </value>
            </param>
            <param index="2">
              <value>
                <![CDATA[Mike]]>
              </value>
            </param>
            <param index="3">
              <value>
                <![CDATA[K]]>
              </value>
            </param>
            <param index="4">
              <value>
                <![CDATA[a@gmail.com]]>
              </value>
            </param>
            <param index="5">
              <value>
                <![CDATA[test1234]]>
              </value>
            </param>
            <param index="6">
              <value>
                <![CDATA[12345]]>
              </value>
            </param>
          </params>
          <reporter-output>
          </reporter-output>
        </test-method> <!-- testPostUser -->
        <test-method signature="testPostUser(java.lang.String,java.lang.String,java.lang.String,java.lang.String,java.lang.String,java.lang.String,java.lang.String)[pri:1, instance:api.test.DDTest@4b29d1d2]" started-at="2024-04-14T16:32:28 IST" name="testPostUser" data-provider="Data" finished-at="2024-04-14T16:32:31 IST" duration-ms="2719" status="PASS">
          <params>
            <param index="0">
              <value>
                <![CDATA[1020]]>
              </value>
            </param>
            <param index="1">
              <value>
                <![CDATA[testuser2]]>
              </value>
            </param>
            <param index="2">
              <value>
                <![CDATA[Roy]]>
              </value>
            </param>
            <param index="3">
              <value>
                <![CDATA[P]]>
              </value>
            </param>
            <param index="4">
              <value>
                <![CDATA[b@gmail.com]]>
              </value>
            </param>
            <param index="5">
              <value>
                <![CDATA[test4321]]>
              </value>
            </param>
            <param index="6">
              <value>
                <![CDATA[54321]]>
              </value>
            </param>
          </params>
          <reporter-output>
          </reporter-output>
        </test-method> <!-- testPostUser -->
        <test-method signature="testPostUser(java.lang.String,java.lang.String,java.lang.String,java.lang.String,java.lang.String,java.lang.String,java.lang.String)[pri:1, instance:api.test.DDTest@4b29d1d2]" started-at="2024-04-14T16:32:31 IST" name="testPostUser" data-provider="Data" finished-at="2024-04-14T16:32:33 IST" duration-ms="1762" status="PASS">
          <params>
            <param index="0">
              <value>
                <![CDATA[1030]]>
              </value>
            </param>
            <param index="1">
              <value>
                <![CDATA[testuser3]]>
              </value>
            </param>
            <param index="2">
              <value>
                <![CDATA[Mike]]>
              </value>
            </param>
            <param index="3">
              <value>
                <![CDATA[T]]>
              </value>
            </param>
            <param index="4">
              <value>
                <![CDATA[c@gmail.com]]>
              </value>
            </param>
            <param index="5">
              <value>
                <![CDATA[test9876]]>
              </value>
            </param>
            <param index="6">
              <value>
                <![CDATA[98745]]>
              </value>
            </param>
          </params>
          <reporter-output>
          </reporter-output>
        </test-method> <!-- testPostUser -->
        <test-method signature="testPostUser(java.lang.String,java.lang.String,java.lang.String,java.lang.String,java.lang.String,java.lang.String,java.lang.String)[pri:1, instance:api.test.DDTest@4b29d1d2]" started-at="2024-04-14T16:32:33 IST" name="testPostUser" data-provider="Data" finished-at="2024-04-14T16:32:34 IST" duration-ms="1542" status="PASS">
          <params>
            <param index="0">
              <value>
                <![CDATA[1040]]>
              </value>
            </param>
            <param index="1">
              <value>
                <![CDATA[testuser4]]>
              </value>
            </param>
            <param index="2">
              <value>
                <![CDATA[Jessy]]>
              </value>
            </param>
            <param index="3">
              <value>
                <![CDATA[M]]>
              </value>
            </param>
            <param index="4">
              <value>
                <![CDATA[d@gmail.com]]>
              </value>
            </param>
            <param index="5">
              <value>
                <![CDATA[test6789]]>
              </value>
            </param>
            <param index="6">
              <value>
                <![CDATA[56789]]>
              </value>
            </param>
          </params>
          <reporter-output>
          </reporter-output>
        </test-method> <!-- testPostUser -->
        <test-method signature="testGetUserByName(java.lang.String)[pri:2, instance:api.test.DDTest@4b29d1d2]" started-at="2024-04-14T16:32:35 IST" name="testGetUserByName" data-provider="UserNames" finished-at="2024-04-14T16:32:36 IST" duration-ms="1708" status="PASS">
          <params>
            <param index="0">
              <value>
                <![CDATA[testuser1]]>
              </value>
            </param>
          </params>
          <reporter-output>
          </reporter-output>
        </test-method> <!-- testGetUserByName -->
        <test-method signature="testGetUserByName(java.lang.String)[pri:2, instance:api.test.DDTest@4b29d1d2]" started-at="2024-04-14T16:32:36 IST" name="testGetUserByName" data-provider="UserNames" finished-at="2024-04-14T16:32:38 IST" duration-ms="1600" status="PASS">
          <params>
            <param index="0">
              <value>
                <![CDATA[testuser2]]>
              </value>
            </param>
          </params>
          <reporter-output>
          </reporter-output>
        </test-method> <!-- testGetUserByName -->
        <test-method signature="testGetUserByName(java.lang.String)[pri:2, instance:api.test.DDTest@4b29d1d2]" started-at="2024-04-14T16:32:38 IST" name="testGetUserByName" data-provider="UserNames" finished-at="2024-04-14T16:32:39 IST" duration-ms="1594" status="PASS">
          <params>
            <param index="0">
              <value>
                <![CDATA[testuser3]]>
              </value>
            </param>
          </params>
          <reporter-output>
          </reporter-output>
        </test-method> <!-- testGetUserByName -->
        <test-method signature="testGetUserByName(java.lang.String)[pri:2, instance:api.test.DDTest@4b29d1d2]" started-at="2024-04-14T16:32:39 IST" name="testGetUserByName" data-provider="UserNames" finished-at="2024-04-14T16:32:41 IST" duration-ms="1567" status="PASS">
          <params>
            <param index="0">
              <value>
                <![CDATA[testuser4]]>
              </value>
            </param>
          </params>
          <reporter-output>
          </reporter-output>
        </test-method> <!-- testGetUserByName -->
        <test-method signature="testDeleteUserByName(java.lang.String)[pri:3, instance:api.test.DDTest@4b29d1d2]" started-at="2024-04-14T16:32:41 IST" name="testDeleteUserByName" data-provider="UserNames" finished-at="2024-04-14T16:32:43 IST" duration-ms="1521" status="PASS">
          <params>
            <param index="0">
              <value>
                <![CDATA[testuser1]]>
              </value>
            </param>
          </params>
          <reporter-output>
          </reporter-output>
        </test-method> <!-- testDeleteUserByName -->
        <test-method signature="testDeleteUserByName(java.lang.String)[pri:3, instance:api.test.DDTest@4b29d1d2]" started-at="2024-04-14T16:32:43 IST" name="testDeleteUserByName" data-provider="UserNames" finished-at="2024-04-14T16:32:44 IST" duration-ms="1351" status="PASS">
          <params>
            <param index="0">
              <value>
                <![CDATA[testuser2]]>
              </value>
            </param>
          </params>
          <reporter-output>
          </reporter-output>
        </test-method> <!-- testDeleteUserByName -->
        <test-method signature="testDeleteUserByName(java.lang.String)[pri:3, instance:api.test.DDTest@4b29d1d2]" started-at="2024-04-14T16:32:44 IST" name="testDeleteUserByName" data-provider="UserNames" finished-at="2024-04-14T16:32:46 IST" duration-ms="1660" status="PASS">
          <params>
            <param index="0">
              <value>
                <![CDATA[testuser3]]>
              </value>
            </param>
          </params>
          <reporter-output>
          </reporter-output>
        </test-method> <!-- testDeleteUserByName -->
        <test-method signature="testDeleteUserByName(java.lang.String)[pri:3, instance:api.test.DDTest@4b29d1d2]" started-at="2024-04-14T16:32:46 IST" name="testDeleteUserByName" data-provider="UserNames" finished-at="2024-04-14T16:32:48 IST" duration-ms="2559" status="PASS">
          <params>
            <param index="0">
              <value>
                <![CDATA[testuser4]]>
              </value>
            </param>
          </params>
          <reporter-output>
          </reporter-output>
        </test-method> <!-- testDeleteUserByName -->
      </class> <!-- api.test.DDTest -->
      <class name="api.test.UserTests">
        <test-method is-config="true" signature="setupData()[pri:0, instance:api.test.UserTests@79e4c792]" started-at="2024-04-14T16:32:14 IST" name="setupData" finished-at="2024-04-14T16:32:14 IST" duration-ms="781" status="PASS">
          <reporter-output>
          </reporter-output>
        </test-method> <!-- setupData -->
        <test-method signature="testPostUser()[pri:1, instance:api.test.UserTests@79e4c792]" started-at="2024-04-14T16:32:14 IST" name="testPostUser" finished-at="2024-04-14T16:32:19 IST" duration-ms="4451" status="PASS">
          <reporter-output>
          </reporter-output>
        </test-method> <!-- testPostUser -->
        <test-method signature="testGetUserByName()[pri:2, instance:api.test.UserTests@79e4c792]" started-at="2024-04-14T16:32:19 IST" name="testGetUserByName" finished-at="2024-04-14T16:32:20 IST" duration-ms="1661" status="PASS">
          <reporter-output>
          </reporter-output>
        </test-method> <!-- testGetUserByName -->
        <test-method signature="testUpdateUser()[pri:3, instance:api.test.UserTests@79e4c792]" started-at="2024-04-14T16:32:20 IST" name="testUpdateUser" finished-at="2024-04-14T16:32:24 IST" duration-ms="3243" status="PASS">
          <reporter-output>
          </reporter-output>
        </test-method> <!-- testUpdateUser -->
        <test-method signature="testDeleteUser()[pri:4, instance:api.test.UserTests@79e4c792]" started-at="2024-04-14T16:32:24 IST" name="testDeleteUser" finished-at="2024-04-14T16:32:25 IST" duration-ms="1553" status="PASS">
          <reporter-output>
          </reporter-output>
        </test-method> <!-- testDeleteUser -->
      </class> <!-- api.test.UserTests -->
    </test> <!-- PetTest -->
  </suite> <!-- PetSuite -->
</testng-results>
