<?xml version="1.0" encoding="UTF-8"?>
<!-- Generated by org.testng.reporters.JUnitXMLReporter -->
<testsuite ignored="0" hostname="LAPTOP-OB639NRA" failures="0" tests="20" name="PetTest" time="41.771" errors="0" timestamp="2024-04-14T18:19:47 IST">
  <testcase classname="api.test.UserTests" name="testPostUser" time="4.171"/>
  <testcase classname="api.test.UserTests" name="testGetUserByName" time="1.665"/>
  <testcase classname="api.test.UserTests" name="testUpdateUser" time="3.192"/>
  <testcase classname="api.test.UserTests" name="testDeleteUser" time="1.594"/>
  <testcase classname="api.test.DDTest" name="testPostUser" time="1.647"/>
  <testcase classname="api.test.DDTest" name="testPostUser" time="1.596"/>
  <testcase classname="api.test.DDTest" name="testPostUser" time="1.599"/>
  <testcase classname="api.test.DDTest" name="testPostUser" time="1.597"/>
  <testcase classname="api.test.DDTest" name="testGetUserByName" time="1.593"/>
  <testcase classname="api.test.DDTest" name="testGetUserByName" time="1.655"/>
  <testcase classname="api.test.DDTest" name="testGetUserByName" time="3.198"/>
  <testcase classname="api.test.DDTest" name="testGetUserByName" time="1.578"/>
  <testcase classname="api.test.DDTest" name="testDeleteUserByName" time="1.626"/>
  <testcase classname="api.test.DDTest" name="testDeleteUserByName" time="1.625"/>
  <testcase classname="api.test.DDTest" name="testDeleteUserByName" time="1.594"/>
  <testcase classname="api.test.DDTest" name="testDeleteUserByName" time="1.595"/>
  <testcase classname="api.test.UserTests2" name="testPostUser" time="1.703"/>
  <testcase classname="api.test.UserTests2" name="testGetUserByName" time="1.61"/>
  <testcase classname="api.test.UserTests2" name="testUpdateUser" time="3.189"/>
  <testcase classname="api.test.UserTests2" name="testDeleteUser" time="1.438"/>
</testsuite> <!-- PetTest -->
