<?xml version="1.0" encoding="UTF-8"?>
<!-- Generated by org.testng.reporters.JUnitXMLReporter -->
<testsuite ignored="0" hostname="LAPTOP-OB639NRA" failures="0" tests="20" name="PetTest" time="43.586" errors="0" timestamp="2024-04-14T16:32:57 IST">
  <testcase classname="api.test.UserTests" name="testPostUser" time="4.451"/>
  <testcase classname="api.test.UserTests" name="testGetUserByName" time="1.661"/>
  <testcase classname="api.test.UserTests" name="testUpdateUser" time="3.243"/>
  <testcase classname="api.test.UserTests" name="testDeleteUser" time="1.553"/>
  <testcase classname="api.test.DDTest" name="testPostUser" time="1.702"/>
  <testcase classname="api.test.DDTest" name="testPostUser" time="2.719"/>
  <testcase classname="api.test.DDTest" name="testPostUser" time="1.762"/>
  <testcase classname="api.test.DDTest" name="testPostUser" time="1.542"/>
  <testcase classname="api.test.DDTest" name="testGetUserByName" time="1.708"/>
  <testcase classname="api.test.DDTest" name="testGetUserByName" time="1.6"/>
  <testcase classname="api.test.DDTest" name="testGetUserByName" time="1.594"/>
  <testcase classname="api.test.DDTest" name="testGetUserByName" time="1.567"/>
  <testcase classname="api.test.DDTest" name="testDeleteUserByName" time="1.521"/>
  <testcase classname="api.test.DDTest" name="testDeleteUserByName" time="1.351"/>
  <testcase classname="api.test.DDTest" name="testDeleteUserByName" time="1.66"/>
  <testcase classname="api.test.DDTest" name="testDeleteUserByName" time="2.559"/>
  <testcase classname="api.test.UserTests2" name="testPostUser" time="1.505"/>
  <testcase classname="api.test.UserTests2" name="testGetUserByName" time="1.919"/>
  <testcase classname="api.test.UserTests2" name="testUpdateUser" time="3.52"/>
  <testcase classname="api.test.UserTests2" name="testDeleteUser" time="1.754"/>
</testsuite> <!-- PetTest -->
