<?xml version="1.0" encoding="UTF-8"?>
<!-- Generated by org.testng.reporters.JUnitXMLReporter -->
<testsuite hostname="LAPTOP-OB639NRA" ignored="0" name="PetTest" tests="4" failures="0" timestamp="14 Apr 2024 09:12:22 GMT" time="11.407" errors="0">
  <testcase name="testPostUser" time="4.707" classname="api.test.UserTests2"/>
  <testcase name="testGetUserByName" time="1.535" classname="api.test.UserTests2"/>
  <testcase name="testUpdateUser" time="3.131" classname="api.test.UserTests2"/>
  <testcase name="testDeleteUser" time="1.41" classname="api.test.UserTests2"/>
</testsuite> <!-- PetTest -->
